0 info it worked if it ends with ok
1 verbose cli [ '/usr/local/bin/node',
1 verbose cli   '/usr/local/bin/npm',
1 verbose cli   'install',
1 verbose cli   '--save',
1 verbose cli   'path' ]
2 info using npm@3.10.3
3 info using node@v6.6.0
4 silly loadCurrentTree Starting
5 silly install loadCurrentTree
6 silly install readLocalPackageData
7 silly fetchPackageMetaData path
8 silly fetchNamedPackageData path
9 silly mapToRegistry name path
10 silly mapToRegistry using default registry
11 silly mapToRegistry registry https://registry.npmjs.org/
12 silly mapToRegistry data Result {
12 silly mapToRegistry   raw: 'path',
12 silly mapToRegistry   scope: null,
12 silly mapToRegistry   escapedName: 'path',
12 silly mapToRegistry   name: 'path',
12 silly mapToRegistry   rawSpec: '',
12 silly mapToRegistry   spec: 'latest',
12 silly mapToRegistry   type: 'tag' }
13 silly mapToRegistry uri https://registry.npmjs.org/path
14 verbose request uri https://registry.npmjs.org/path
15 verbose request no auth needed
16 info attempt registry request try #1 at 2:32:51 PM
17 verbose request id df5a641ed66b7769
18 verbose etag "21FYDJQ4J83TC6ADEI6BRIFQF"
19 http request GET https://registry.npmjs.org/path
20 http 304 https://registry.npmjs.org/path
21 verbose headers { date: 'Tue, 25 Oct 2016 20:32:52 GMT',
21 verbose headers   via: '1.1 varnish',
21 verbose headers   'cache-control': 'max-age=300',
21 verbose headers   etag: '"21FYDJQ4J83TC6ADEI6BRIFQF"',
21 verbose headers   age: '249',
21 verbose headers   connection: 'keep-alive',
21 verbose headers   'x-served-by': 'cache-sjc3648-SJC',
21 verbose headers   'x-cache': 'HIT',
21 verbose headers   'x-cache-hits': '2',
21 verbose headers   'x-timer': 'S1477427572.304070,VS0,VE0',
21 verbose headers   vary: 'Accept-Encoding' }
22 silly get cb [ 304,
22 silly get   { date: 'Tue, 25 Oct 2016 20:32:52 GMT',
22 silly get     via: '1.1 varnish',
22 silly get     'cache-control': 'max-age=300',
22 silly get     etag: '"21FYDJQ4J83TC6ADEI6BRIFQF"',
22 silly get     age: '249',
22 silly get     connection: 'keep-alive',
22 silly get     'x-served-by': 'cache-sjc3648-SJC',
22 silly get     'x-cache': 'HIT',
22 silly get     'x-cache-hits': '2',
22 silly get     'x-timer': 'S1477427572.304070,VS0,VE0',
22 silly get     vary: 'Accept-Encoding' } ]
23 verbose etag https://registry.npmjs.org/path from cache
24 verbose get saving path to /Users/nate/.npm/registry.npmjs.org/path/.cache.json
25 verbose correctMkdir /Users/nate/.npm correctMkdir not in flight; initializing
26 silly install normalizeTree
27 silly loadCurrentTree Finishing
28 silly loadIdealTree Starting
29 silly install loadIdealTree
30 silly cloneCurrentTree Starting
31 silly install cloneCurrentTreeToIdealTree
32 silly cloneCurrentTree Finishing
33 silly loadShrinkwrap Starting
34 silly install loadShrinkwrap
35 silly loadShrinkwrap Finishing
36 silly loadAllDepsIntoIdealTree Starting
37 silly install loadAllDepsIntoIdealTree
38 silly resolveWithNewModule path@0.12.7 checking installable status
39 silly cache add args [ 'path', null ]
40 verbose cache add spec path
41 silly cache add parsed spec Result {
41 silly cache add   raw: 'path',
41 silly cache add   scope: null,
41 silly cache add   escapedName: 'path',
41 silly cache add   name: 'path',
41 silly cache add   rawSpec: '',
41 silly cache add   spec: 'latest',
41 silly cache add   type: 'tag' }
42 silly addNamed path@latest
43 verbose addNamed "latest" is being treated as a dist-tag for path
44 info addNameTag [ 'path', 'latest' ]
45 silly mapToRegistry name path
46 silly mapToRegistry using default registry
47 silly mapToRegistry registry https://registry.npmjs.org/
48 silly mapToRegistry data Result {
48 silly mapToRegistry   raw: 'path',
48 silly mapToRegistry   scope: null,
48 silly mapToRegistry   escapedName: 'path',
48 silly mapToRegistry   name: 'path',
48 silly mapToRegistry   rawSpec: '',
48 silly mapToRegistry   spec: 'latest',
48 silly mapToRegistry   type: 'tag' }
49 silly mapToRegistry uri https://registry.npmjs.org/path
50 verbose addNameTag registry:https://registry.npmjs.org/path not in flight; fetching
51 verbose get https://registry.npmjs.org/path not expired, no request
52 silly addNameTag next cb for path with tag latest
53 silly addNamed path@0.12.7
54 verbose addNamed "0.12.7" is a plain semver version for path
55 silly cache afterAdd path@0.12.7
56 verbose afterAdd /Users/nate/.npm/path/0.12.7/package/package.json not in flight; writing
57 verbose correctMkdir /Users/nate/.npm correctMkdir not in flight; initializing
58 verbose afterAdd /Users/nate/.npm/path/0.12.7/package/package.json written
59 silly fetchNamedPackageData process
60 silly mapToRegistry name process
61 silly mapToRegistry using default registry
62 silly mapToRegistry registry https://registry.npmjs.org/
63 silly mapToRegistry data Result {
63 silly mapToRegistry   raw: 'process',
63 silly mapToRegistry   scope: null,
63 silly mapToRegistry   escapedName: 'process',
63 silly mapToRegistry   name: 'process',
63 silly mapToRegistry   rawSpec: '',
63 silly mapToRegistry   spec: 'latest',
63 silly mapToRegistry   type: 'tag' }
64 silly mapToRegistry uri https://registry.npmjs.org/process
65 silly fetchNamedPackageData util
66 silly mapToRegistry name util
67 silly mapToRegistry using default registry
68 silly mapToRegistry registry https://registry.npmjs.org/
69 silly mapToRegistry data Result {
69 silly mapToRegistry   raw: 'util',
69 silly mapToRegistry   scope: null,
69 silly mapToRegistry   escapedName: 'util',
69 silly mapToRegistry   name: 'util',
69 silly mapToRegistry   rawSpec: '',
69 silly mapToRegistry   spec: 'latest',
69 silly mapToRegistry   type: 'tag' }
70 silly mapToRegistry uri https://registry.npmjs.org/util
71 verbose request uri https://registry.npmjs.org/process
72 verbose request no auth needed
73 info attempt registry request try #1 at 2:32:53 PM
74 verbose etag "71CV28LZOVHQKLHNIQI0MDX17"
75 http request GET https://registry.npmjs.org/process
76 verbose request uri https://registry.npmjs.org/util
77 verbose request no auth needed
78 info attempt registry request try #1 at 2:32:53 PM
79 verbose etag "DD9HTJ0VVV6C5AEF6SH6L35OP"
80 http request GET https://registry.npmjs.org/util
81 http 200 https://registry.npmjs.org/process
82 verbose headers { server: 'CouchDB/1.5.0 (Erlang OTP/R16B03)',
82 verbose headers   etag: '"JRQGSZ3O5G2CVVSN8GW8FK1U"',
82 verbose headers   'content-type': 'application/json',
82 verbose headers   'content-encoding': 'gzip',
82 verbose headers   'cache-control': 'max-age=300',
82 verbose headers   'content-length': '4351',
82 verbose headers   'accept-ranges': 'bytes',
82 verbose headers   date: 'Tue, 25 Oct 2016 20:32:53 GMT',
82 verbose headers   via: '1.1 varnish',
82 verbose headers   age: '191',
82 verbose headers   connection: 'keep-alive',
82 verbose headers   'x-served-by': 'cache-sjc3648-SJC',
82 verbose headers   'x-cache': 'HIT',
82 verbose headers   'x-cache-hits': '2',
82 verbose headers   'x-timer': 'S1477427573.102667,VS0,VE0',
82 verbose headers   vary: 'Accept-Encoding' }
83 silly get cb [ 200,
83 silly get   { server: 'CouchDB/1.5.0 (Erlang OTP/R16B03)',
83 silly get     etag: '"JRQGSZ3O5G2CVVSN8GW8FK1U"',
83 silly get     'content-type': 'application/json',
83 silly get     'content-encoding': 'gzip',
83 silly get     'cache-control': 'max-age=300',
83 silly get     'content-length': '4351',
83 silly get     'accept-ranges': 'bytes',
83 silly get     date: 'Tue, 25 Oct 2016 20:32:53 GMT',
83 silly get     via: '1.1 varnish',
83 silly get     age: '191',
83 silly get     connection: 'keep-alive',
83 silly get     'x-served-by': 'cache-sjc3648-SJC',
83 silly get     'x-cache': 'HIT',
83 silly get     'x-cache-hits': '2',
83 silly get     'x-timer': 'S1477427573.102667,VS0,VE0',
83 silly get     vary: 'Accept-Encoding' } ]
84 verbose get saving process to /Users/nate/.npm/registry.npmjs.org/process/.cache.json
85 verbose correctMkdir /Users/nate/.npm correctMkdir not in flight; initializing
86 http 200 https://registry.npmjs.org/util
87 verbose headers { server: 'CouchDB/1.5.0 (Erlang OTP/R16B03)',
87 verbose headers   etag: '"30N8N6GCZ4IGF0W9DI0P56H3G"',
87 verbose headers   'content-type': 'application/json',
87 verbose headers   'content-encoding': 'gzip',
87 verbose headers   'cache-control': 'max-age=300',
87 verbose headers   'content-length': '1752',
87 verbose headers   'accept-ranges': 'bytes',
87 verbose headers   date: 'Tue, 25 Oct 2016 20:32:53 GMT',
87 verbose headers   via: '1.1 varnish',
87 verbose headers   age: '198',
87 verbose headers   connection: 'keep-alive',
87 verbose headers   'x-served-by': 'cache-sjc3141-SJC',
87 verbose headers   'x-cache': 'HIT',
87 verbose headers   'x-cache-hits': '2',
87 verbose headers   'x-timer': 'S1477427573.149395,VS0,VE0',
87 verbose headers   vary: 'Accept-Encoding' }
88 silly get cb [ 200,
88 silly get   { server: 'CouchDB/1.5.0 (Erlang OTP/R16B03)',
88 silly get     etag: '"30N8N6GCZ4IGF0W9DI0P56H3G"',
88 silly get     'content-type': 'application/json',
88 silly get     'content-encoding': 'gzip',
88 silly get     'cache-control': 'max-age=300',
88 silly get     'content-length': '1752',
88 silly get     'accept-ranges': 'bytes',
88 silly get     date: 'Tue, 25 Oct 2016 20:32:53 GMT',
88 silly get     via: '1.1 varnish',
88 silly get     age: '198',
88 silly get     connection: 'keep-alive',
88 silly get     'x-served-by': 'cache-sjc3141-SJC',
88 silly get     'x-cache': 'HIT',
88 silly get     'x-cache-hits': '2',
88 silly get     'x-timer': 'S1477427573.149395,VS0,VE0',
88 silly get     vary: 'Accept-Encoding' } ]
89 verbose get saving util to /Users/nate/.npm/registry.npmjs.org/util/.cache.json
90 verbose correctMkdir /Users/nate/.npm correctMkdir not in flight; initializing
91 silly resolveWithNewModule process@0.11.9 checking installable status
92 silly cache add args [ 'process@^0.11.1', null ]
93 verbose cache add spec process@^0.11.1
94 silly cache add parsed spec Result {
94 silly cache add   raw: 'process@^0.11.1',
94 silly cache add   scope: null,
94 silly cache add   escapedName: 'process',
94 silly cache add   name: 'process',
94 silly cache add   rawSpec: '^0.11.1',
94 silly cache add   spec: '>=0.11.1 <0.12.0',
94 silly cache add   type: 'range' }
95 silly addNamed process@>=0.11.1 <0.12.0
96 verbose addNamed ">=0.11.1 <0.12.0" is a valid semver range for process
97 silly addNameRange { name: 'process', range: '>=0.11.1 <0.12.0', hasData: false }
98 silly mapToRegistry name process
99 silly mapToRegistry using default registry
100 silly mapToRegistry registry https://registry.npmjs.org/
101 silly mapToRegistry data Result {
101 silly mapToRegistry   raw: 'process',
101 silly mapToRegistry   scope: null,
101 silly mapToRegistry   escapedName: 'process',
101 silly mapToRegistry   name: 'process',
101 silly mapToRegistry   rawSpec: '',
101 silly mapToRegistry   spec: 'latest',
101 silly mapToRegistry   type: 'tag' }
102 silly mapToRegistry uri https://registry.npmjs.org/process
103 verbose addNameRange registry:https://registry.npmjs.org/process not in flight; fetching
104 verbose get https://registry.npmjs.org/process not expired, no request
105 silly addNameRange number 2 { name: 'process', range: '>=0.11.1 <0.12.0', hasData: true }
106 silly addNameRange versions [ 'process',
106 silly addNameRange   [ '0.4.9',
106 silly addNameRange     '0.5.0',
106 silly addNameRange     '0.5.1',
106 silly addNameRange     '0.5.2',
106 silly addNameRange     '0.6.0',
106 silly addNameRange     '0.7.0',
106 silly addNameRange     '0.8.0',
106 silly addNameRange     '0.9.0',
106 silly addNameRange     '0.10.0',
106 silly addNameRange     '0.10.1',
106 silly addNameRange     '0.11.0',
106 silly addNameRange     '0.11.1',
106 silly addNameRange     '0.11.2',
106 silly addNameRange     '0.11.3',
106 silly addNameRange     '0.11.4',
106 silly addNameRange     '0.11.5',
106 silly addNameRange     '0.11.6',
106 silly addNameRange     '0.11.7',
106 silly addNameRange     '0.11.8',
106 silly addNameRange     '0.11.9' ] ]
107 silly addNamed process@0.11.9
108 verbose addNamed "0.11.9" is a plain semver version for process
109 silly resolveWithNewModule util@0.10.3 checking installable status
110 silly cache add args [ 'util@^0.10.3', null ]
111 verbose cache add spec util@^0.10.3
112 silly cache add parsed spec Result {
112 silly cache add   raw: 'util@^0.10.3',
112 silly cache add   scope: null,
112 silly cache add   escapedName: 'util',
112 silly cache add   name: 'util',
112 silly cache add   rawSpec: '^0.10.3',
112 silly cache add   spec: '>=0.10.3 <0.11.0',
112 silly cache add   type: 'range' }
113 silly addNamed util@>=0.10.3 <0.11.0
114 verbose addNamed ">=0.10.3 <0.11.0" is a valid semver range for util
115 silly addNameRange { name: 'util', range: '>=0.10.3 <0.11.0', hasData: false }
116 silly mapToRegistry name util
117 silly mapToRegistry using default registry
118 silly mapToRegistry registry https://registry.npmjs.org/
119 silly mapToRegistry data Result {
119 silly mapToRegistry   raw: 'util',
119 silly mapToRegistry   scope: null,
119 silly mapToRegistry   escapedName: 'util',
119 silly mapToRegistry   name: 'util',
119 silly mapToRegistry   rawSpec: '',
119 silly mapToRegistry   spec: 'latest',
119 silly mapToRegistry   type: 'tag' }
120 silly mapToRegistry uri https://registry.npmjs.org/util
121 verbose addNameRange registry:https://registry.npmjs.org/util not in flight; fetching
122 verbose get https://registry.npmjs.org/util not expired, no request
123 silly addNameRange number 2 { name: 'util', range: '>=0.10.3 <0.11.0', hasData: true }
124 silly addNameRange versions [ 'util', [ '0.4.9', '0.10.0', '0.10.1', '0.10.2', '0.10.3' ] ]
125 silly addNamed util@0.10.3
126 verbose addNamed "0.10.3" is a plain semver version for util
127 silly cache afterAdd process@0.11.9
128 verbose afterAdd /Users/nate/.npm/process/0.11.9/package/package.json not in flight; writing
129 verbose correctMkdir /Users/nate/.npm correctMkdir not in flight; initializing
130 silly cache afterAdd util@0.10.3
131 verbose afterAdd /Users/nate/.npm/util/0.10.3/package/package.json not in flight; writing
132 verbose correctMkdir /Users/nate/.npm correctMkdir not in flight; initializing
133 verbose afterAdd /Users/nate/.npm/process/0.11.9/package/package.json written
134 verbose afterAdd /Users/nate/.npm/util/0.10.3/package/package.json written
135 silly loadAllDepsIntoIdealTree Finishing
136 silly loadIdealTree Finishing
137 silly currentTree backend@1.0.0
137 silly currentTree ├── accepts@1.3.3
137 silly currentTree ├── array-flatten@1.1.1
137 silly currentTree ├── async@2.0.1
137 silly currentTree ├── basic-auth@1.0.4
137 silly currentTree ├── bluebird@2.10.2
137 silly currentTree ├── body-parser@1.15.2
137 silly currentTree ├── bson@0.5.5
137 silly currentTree ├── buffer-shims@1.0.0
137 silly currentTree ├── bytes@2.4.0
137 silly currentTree ├── content-disposition@0.5.1
137 silly currentTree ├── content-type@1.0.2
137 silly currentTree ├── cookie-signature@1.0.6
137 silly currentTree ├── cookie@0.3.1
137 silly currentTree ├── core-util-is@1.0.2
137 silly currentTree ├── cors@2.8.1
137 silly currentTree ├── debug@2.2.0
137 silly currentTree ├── depd@1.1.0
137 silly currentTree ├── destroy@1.0.4
137 silly currentTree ├── ee-first@1.1.1
137 silly currentTree ├── encodeurl@1.0.1
137 silly currentTree ├── es6-promise@3.2.1
137 silly currentTree ├── escape-html@1.0.3
137 silly currentTree ├── etag@1.7.0
137 silly currentTree ├── express@4.14.0
137 silly currentTree ├── finalhandler@0.5.0
137 silly currentTree ├── forwarded@0.1.0
137 silly currentTree ├── fresh@0.3.0
137 silly currentTree ├── hooks-fixed@1.2.0
137 silly currentTree ├── http-errors@1.5.0
137 silly currentTree ├── iconv-lite@0.4.13
137 silly currentTree ├── inherits@2.0.1
137 silly currentTree ├── ipaddr.js@1.1.1
137 silly currentTree ├── isarray@1.0.0
137 silly currentTree ├── kareem@1.1.3
137 silly currentTree ├── lodash@4.16.4
137 silly currentTree ├── media-typer@0.3.0
137 silly currentTree ├── merge-descriptors@1.0.1
137 silly currentTree ├── methods@1.1.2
137 silly currentTree ├── mime-db@1.24.0
137 silly currentTree ├── mime-types@2.1.12
137 silly currentTree ├── mime@1.3.4
137 silly currentTree ├── mongodb-core@2.0.12
137 silly currentTree ├── mongodb@2.2.10
137 silly currentTree ├── mongoose@4.6.3
137 silly currentTree ├── morgan@1.7.0
137 silly currentTree ├── mpath@0.2.1
137 silly currentTree ├── mpromise@0.5.5
137 silly currentTree ├─┬ mquery@1.11.0
137 silly currentTree │ └── sliced@0.0.5
137 silly currentTree ├── ms@0.7.1
137 silly currentTree ├── muri@1.1.1
137 silly currentTree ├── negotiator@0.6.1
137 silly currentTree ├── on-finished@2.3.0
137 silly currentTree ├── on-headers@1.0.1
137 silly currentTree ├── parseurl@1.3.1
137 silly currentTree ├── path-to-regexp@0.1.7
137 silly currentTree ├── process-nextick-args@1.0.7
137 silly currentTree ├── proxy-addr@1.1.2
137 silly currentTree ├── qs@6.2.0
137 silly currentTree ├── range-parser@1.2.0
137 silly currentTree ├── raw-body@2.1.7
137 silly currentTree ├── readable-stream@2.1.5
137 silly currentTree ├── regexp-clone@0.0.1
137 silly currentTree ├── require_optional@1.0.0
137 silly currentTree ├── resolve-from@2.0.0
137 silly currentTree ├── semver@5.3.0
137 silly currentTree ├── send@0.14.1
137 silly currentTree ├── serve-static@1.11.1
137 silly currentTree ├── setprototypeof@1.0.1
137 silly currentTree ├── sliced@1.0.1
137 silly currentTree ├── statuses@1.3.0
137 silly currentTree ├── string_decoder@0.10.31
137 silly currentTree ├── type-is@1.6.13
137 silly currentTree ├── unpipe@1.0.0
137 silly currentTree ├── util-deprecate@1.0.2
137 silly currentTree ├── utils-merge@1.0.0
137 silly currentTree └── vary@1.1.0
138 silly idealTree backend@1.0.0
138 silly idealTree ├── accepts@1.3.3
138 silly idealTree ├── array-flatten@1.1.1
138 silly idealTree ├── async@2.0.1
138 silly idealTree ├── basic-auth@1.0.4
138 silly idealTree ├── bluebird@2.10.2
138 silly idealTree ├── body-parser@1.15.2
138 silly idealTree ├── bson@0.5.5
138 silly idealTree ├── buffer-shims@1.0.0
138 silly idealTree ├── bytes@2.4.0
138 silly idealTree ├── content-disposition@0.5.1
138 silly idealTree ├── content-type@1.0.2
138 silly idealTree ├── cookie-signature@1.0.6
138 silly idealTree ├── cookie@0.3.1
138 silly idealTree ├── core-util-is@1.0.2
138 silly idealTree ├── cors@2.8.1
138 silly idealTree ├── debug@2.2.0
138 silly idealTree ├── depd@1.1.0
138 silly idealTree ├── destroy@1.0.4
138 silly idealTree ├── ee-first@1.1.1
138 silly idealTree ├── encodeurl@1.0.1
138 silly idealTree ├── es6-promise@3.2.1
138 silly idealTree ├── escape-html@1.0.3
138 silly idealTree ├── etag@1.7.0
138 silly idealTree ├── express@4.14.0
138 silly idealTree ├── finalhandler@0.5.0
138 silly idealTree ├── forwarded@0.1.0
138 silly idealTree ├── fresh@0.3.0
138 silly idealTree ├── hooks-fixed@1.2.0
138 silly idealTree ├── http-errors@1.5.0
138 silly idealTree ├── iconv-lite@0.4.13
138 silly idealTree ├── inherits@2.0.1
138 silly idealTree ├── ipaddr.js@1.1.1
138 silly idealTree ├── isarray@1.0.0
138 silly idealTree ├── kareem@1.1.3
138 silly idealTree ├── lodash@4.16.4
138 silly idealTree ├── media-typer@0.3.0
138 silly idealTree ├── merge-descriptors@1.0.1
138 silly idealTree ├── methods@1.1.2
138 silly idealTree ├── mime-db@1.24.0
138 silly idealTree ├── mime-types@2.1.12
138 silly idealTree ├── mime@1.3.4
138 silly idealTree ├── mongodb-core@2.0.12
138 silly idealTree ├── mongodb@2.2.10
138 silly idealTree ├── mongoose@4.6.3
138 silly idealTree ├── morgan@1.7.0
138 silly idealTree ├── mpath@0.2.1
138 silly idealTree ├── mpromise@0.5.5
138 silly idealTree ├─┬ mquery@1.11.0
138 silly idealTree │ └── sliced@0.0.5
138 silly idealTree ├── ms@0.7.1
138 silly idealTree ├── muri@1.1.1
138 silly idealTree ├── negotiator@0.6.1
138 silly idealTree ├── on-finished@2.3.0
138 silly idealTree ├── on-headers@1.0.1
138 silly idealTree ├── parseurl@1.3.1
138 silly idealTree ├── path-to-regexp@0.1.7
138 silly idealTree ├── path@0.12.7
138 silly idealTree ├── process-nextick-args@1.0.7
138 silly idealTree ├── process@0.11.9
138 silly idealTree ├── proxy-addr@1.1.2
138 silly idealTree ├── qs@6.2.0
138 silly idealTree ├── range-parser@1.2.0
138 silly idealTree ├── raw-body@2.1.7
138 silly idealTree ├── readable-stream@2.1.5
138 silly idealTree ├── regexp-clone@0.0.1
138 silly idealTree ├── require_optional@1.0.0
138 silly idealTree ├── resolve-from@2.0.0
138 silly idealTree ├── semver@5.3.0
138 silly idealTree ├── send@0.14.1
138 silly idealTree ├── serve-static@1.11.1
138 silly idealTree ├── setprototypeof@1.0.1
138 silly idealTree ├── sliced@1.0.1
138 silly idealTree ├── statuses@1.3.0
138 silly idealTree ├── string_decoder@0.10.31
138 silly idealTree ├── type-is@1.6.13
138 silly idealTree ├── unpipe@1.0.0
138 silly idealTree ├── util-deprecate@1.0.2
138 silly idealTree ├── util@0.10.3
138 silly idealTree ├── utils-merge@1.0.0
138 silly idealTree └── vary@1.1.0
139 silly generateActionsToTake Starting
140 silly install generateActionsToTake
141 warn checkPermissions Missing write access to /Users/nate/Documents/dev/vschool/assignments/projects/mygame/backend/node_modules
142 silly rollbackFailedOptional Starting
143 silly rollbackFailedOptional Finishing
144 silly runTopLevelLifecycles Starting
145 silly runTopLevelLifecycles Finishing
146 silly install printInstalled
147 warn backend@1.0.0 No description
148 warn backend@1.0.0 No repository field.
149 verbose stack Error: EACCES: permission denied, access '/Users/nate/Documents/dev/vschool/assignments/projects/mygame/backend/node_modules'
149 verbose stack     at Error (native)
150 verbose cwd /Users/nate/Documents/dev/vschool/assignments/projects/mygame/backend
151 error Darwin 16.0.0
152 error argv "/usr/local/bin/node" "/usr/local/bin/npm" "install" "--save" "path"
153 error node v6.6.0
154 error npm  v3.10.3
155 error path /Users/nate/Documents/dev/vschool/assignments/projects/mygame/backend/node_modules
156 error code EACCES
157 error errno -13
158 error syscall access
159 error Error: EACCES: permission denied, access '/Users/nate/Documents/dev/vschool/assignments/projects/mygame/backend/node_modules'
159 error     at Error (native)
159 error  { Error: EACCES: permission denied, access '/Users/nate/Documents/dev/vschool/assignments/projects/mygame/backend/node_modules'
159 error     at Error (native)
159 error   errno: -13,
159 error   code: 'EACCES',
159 error   syscall: 'access',
159 error   path: '/Users/nate/Documents/dev/vschool/assignments/projects/mygame/backend/node_modules' }
160 error Please try running this command again as root/Administrator.
161 verbose exit [ -13, true ]
